<?xml version="1.0" encoding="UTF-8"?>
<coverage generated="1771650807382" clover="3.2.0">
  <project timestamp="1771650807383" name="All files">
    <metrics statements="112" coveredstatements="33" conditionals="60" coveredconditionals="10" methods="21" coveredmethods="4" elements="193" coveredelements="47" complexity="0" loc="112" ncloc="112" packages="2" files="3" classes="3"/>
    <package name="graphql">
      <metrics statements="92" coveredstatements="23" conditionals="56" coveredconditionals="10" methods="19" coveredmethods="4"/>
      <file name="resolvers.ts" path="/home/memz/Repos/Test-FullStack/Back/src/graphql/resolvers.ts">
        <metrics statements="92" coveredstatements="23" conditionals="56" coveredconditionals="10" methods="19" coveredmethods="4"/>
        <line num="1" count="1" type="stmt"/>
        <line num="2" count="1" type="stmt"/>
        <line num="3" count="1" type="stmt"/>
        <line num="4" count="1" type="stmt"/>
        <line num="5" count="1" type="stmt"/>
        <line num="16" count="1" type="stmt"/>
        <line num="18" count="0" type="stmt"/>
        <line num="19" count="0" type="cond" truecount="0" falsecount="2"/>
        <line num="20" count="0" type="stmt"/>
        <line num="23" count="0" type="stmt"/>
        <line num="24" count="0" type="cond" truecount="0" falsecount="2"/>
        <line num="25" count="0" type="stmt"/>
        <line num="28" count="0" type="stmt"/>
        <line num="36" count="0" type="stmt"/>
        <line num="37" count="0" type="cond" truecount="0" falsecount="2"/>
        <line num="38" count="0" type="stmt"/>
        <line num="41" count="0" type="stmt"/>
        <line num="42" count="0" type="stmt"/>
        <line num="46" count="0" type="stmt"/>
        <line num="61" count="0" type="stmt"/>
        <line num="62" count="0" type="cond" truecount="0" falsecount="2"/>
        <line num="63" count="0" type="stmt"/>
        <line num="66" count="0" type="stmt"/>
        <line num="67" count="0" type="stmt"/>
        <line num="68" count="0" type="stmt"/>
        <line num="72" count="0" type="cond" truecount="0" falsecount="2"/>
        <line num="73" count="0" type="stmt"/>
        <line num="76" count="0" type="stmt"/>
        <line num="98" count="5" type="stmt"/>
        <line num="100" count="5" type="stmt"/>
        <line num="107" count="5" type="cond" truecount="2" falsecount="0"/>
        <line num="108" count="2" type="stmt"/>
        <line num="111" count="3" type="stmt"/>
        <line num="119" count="3" type="stmt"/>
        <line num="121" count="3" type="stmt"/>
        <line num="127" count="3" type="stmt"/>
        <line num="145" count="6" type="stmt"/>
        <line num="147" count="6" type="stmt"/>
        <line num="154" count="6" type="cond" truecount="2" falsecount="0"/>
        <line num="155" count="1" type="stmt"/>
        <line num="159" count="5" type="stmt"/>
        <line num="160" count="5" type="cond" truecount="2" falsecount="0"/>
        <line num="161" count="1" type="stmt"/>
        <line num="164" count="4" type="stmt"/>
        <line num="170" count="4" type="stmt"/>
        <line num="185" count="0" type="stmt"/>
        <line num="186" count="0" type="cond" truecount="0" falsecount="2"/>
        <line num="187" count="0" type="stmt"/>
        <line num="190" count="0" type="cond" truecount="0" falsecount="4"/>
        <line num="191" count="0" type="stmt"/>
        <line num="194" count="0" type="stmt"/>
        <line num="195" count="0" type="stmt"/>
        <line num="202" count="0" type="stmt"/>
        <line num="204" count="0" type="stmt"/>
        <line num="223" count="0" type="stmt"/>
        <line num="224" count="0" type="cond" truecount="0" falsecount="2"/>
        <line num="225" count="0" type="stmt"/>
        <line num="228" count="0" type="stmt"/>
        <line num="229" count="0" type="stmt"/>
        <line num="230" count="0" type="stmt"/>
        <line num="234" count="0" type="cond" truecount="0" falsecount="2"/>
        <line num="235" count="0" type="stmt"/>
        <line num="238" count="0" type="cond" truecount="0" falsecount="2"/>
        <line num="239" count="0" type="cond" truecount="0" falsecount="2"/>
        <line num="240" count="0" type="stmt"/>
        <line num="242" count="0" type="stmt"/>
        <line num="245" count="0" type="cond" truecount="0" falsecount="2"/>
        <line num="246" count="0" type="cond" truecount="0" falsecount="6"/>
        <line num="249" count="0" type="stmt"/>
        <line num="251" count="0" type="stmt"/>
        <line num="266" count="0" type="stmt"/>
        <line num="267" count="0" type="cond" truecount="0" falsecount="2"/>
        <line num="268" count="0" type="stmt"/>
        <line num="271" count="0" type="stmt"/>
        <line num="272" count="0" type="stmt"/>
        <line num="273" count="0" type="stmt"/>
        <line num="277" count="0" type="cond" truecount="0" falsecount="2"/>
        <line num="278" count="0" type="stmt"/>
        <line num="281" count="0" type="stmt"/>
        <line num="288" count="0" type="stmt"/>
        <line num="289" count="0" type="cond" truecount="0" falsecount="2"/>
        <line num="290" count="0" type="stmt"/>
        <line num="293" count="0" type="cond" truecount="0" falsecount="2"/>
        <line num="294" count="0" type="stmt"/>
        <line num="299" count="0" type="stmt"/>
        <line num="300" count="0" type="stmt"/>
        <line num="301" count="0" type="stmt"/>
        <line num="305" count="0" type="cond" truecount="0" falsecount="2"/>
        <line num="306" count="0" type="stmt"/>
        <line num="309" count="0" type="stmt"/>
        <line num="310" count="0" type="stmt"/>
        <line num="312" count="0" type="stmt"/>
      </file>
    </package>
    <package name="models">
      <metrics statements="20" coveredstatements="10" conditionals="4" coveredconditionals="0" methods="2" coveredmethods="0"/>
      <file name="Task.ts" path="/home/memz/Repos/Test-FullStack/Back/src/models/Task.ts">
        <metrics statements="4" coveredstatements="4" conditionals="0" coveredconditionals="0" methods="0" coveredmethods="0"/>
        <line num="1" count="1" type="stmt"/>
        <line num="14" count="1" type="stmt"/>
        <line num="45" count="1" type="stmt"/>
        <line num="47" count="1" type="stmt"/>
      </file>
      <file name="User.ts" path="/home/memz/Repos/Test-FullStack/Back/src/models/User.ts">
        <metrics statements="16" coveredstatements="6" conditionals="4" coveredconditionals="0" methods="2" coveredmethods="0"/>
        <line num="1" count="1" type="stmt"/>
        <line num="2" count="1" type="stmt"/>
        <line num="15" count="1" type="stmt"/>
        <line num="56" count="1" type="stmt"/>
        <line num="57" count="0" type="cond" truecount="0" falsecount="2"/>
        <line num="58" count="0" type="stmt"/>
        <line num="61" count="0" type="stmt"/>
        <line num="62" count="0" type="stmt"/>
        <line num="63" count="0" type="stmt"/>
        <line num="64" count="0" type="stmt"/>
        <line num="66" count="0" type="cond" truecount="0" falsecount="2"/>
        <line num="67" count="0" type="stmt"/>
        <line num="70" count="0" type="stmt"/>
        <line num="75" count="1" type="stmt"/>
        <line num="78" count="0" type="stmt"/>
        <line num="85" count="1" type="stmt"/>
      </file>
    </package>
  </project>
</coverage>
