{"/home/memz/Repos/Test-FullStack/Back/src/graphql/resolvers.ts": {"path":"/home/memz/Repos/Test-FullStack/Back/src/graphql/resolvers.ts","statementMap":{"0":{"start":{"line":1,"column":0},"end":{"line":1,"column":31}},"1":{"start":{"line":2,"column":0},"end":{"line":2,"column":37}},"2":{"start":{"line":3,"column":0},"end":{"line":3,"column":49}},"3":{"start":{"line":4,"column":0},"end":{"line":4,"column":50}},"4":{"start":{"line":5,"column":0},"end":{"line":5,"column":51}},"5":{"start":{"line":16,"column":13},"end":{"line":323,"column":null}},"6":{"start":{"line":18,"column":67},"end":{"line":34,"column":null}},"7":{"start":{"line":19,"column":6},"end":{"line":21,"column":7}},"8":{"start":{"line":20,"column":8},"end":{"line":20,"column":null}},"9":{"start":{"line":23,"column":19},"end":{"line":23,"column":54}},"10":{"start":{"line":24,"column":6},"end":{"line":26,"column":7}},"11":{"start":{"line":25,"column":8},"end":{"line":25,"column":null}},"12":{"start":{"line":28,"column":6},"end":{"line":33,"column":null}},"13":{"start":{"line":36,"column":70},"end":{"line":55,"column":null}},"14":{"start":{"line":37,"column":6},"end":{"line":39,"column":7}},"15":{"start":{"line":38,"column":8},"end":{"line":38,"column":null}},"16":{"start":{"line":41,"column":29},"end":{"line":41,"column":72}},"17":{"start":{"line":42,"column":20},"end":{"line":44,"column":8}},"18":{"start":{"line":46,"column":6},"end":{"line":54,"column":null}},"19":{"start":{"line":46,"column":34},"end":{"line":54,"column":8}},"20":{"start":{"line":61,"column":8},"end":{"line":85,"column":null}},"21":{"start":{"line":62,"column":6},"end":{"line":64,"column":7}},"22":{"start":{"line":63,"column":8},"end":{"line":63,"column":null}},"23":{"start":{"line":66,"column":29},"end":{"line":66,"column":72}},"24":{"start":{"line":67,"column":29},"end":{"line":67,"column":60}},"25":{"start":{"line":68,"column":19},"end":{"line":71,"column":8}},"26":{"start":{"line":72,"column":6},"end":{"line":74,"column":7}},"27":{"start":{"line":73,"column":8},"end":{"line":73,"column":null}},"28":{"start":{"line":76,"column":6},"end":{"line":84,"column":null}},"29":{"start":{"line":98,"column":8},"end":{"line":136,"column":null}},"30":{"start":{"line":100,"column":27},"end":{"line":105,"column":8}},"31":{"start":{"line":107,"column":6},"end":{"line":109,"column":7}},"32":{"start":{"line":108,"column":8},"end":{"line":108,"column":null}},"33":{"start":{"line":111,"column":19},"end":{"line":117,"column":8}},"34":{"start":{"line":119,"column":6},"end":{"line":119,"column":null}},"35":{"start":{"line":121,"column":20},"end":{"line":124,"column":null}},"36":{"start":{"line":127,"column":6},"end":{"line":135,"column":null}},"37":{"start":{"line":145,"column":8},"end":{"line":179,"column":null}},"38":{"start":{"line":147,"column":19},"end":{"line":152,"column":28}},"39":{"start":{"line":154,"column":6},"end":{"line":156,"column":7}},"40":{"start":{"line":155,"column":8},"end":{"line":155,"column":null}},"41":{"start":{"line":159,"column":30},"end":{"line":159,"column":66}},"42":{"start":{"line":160,"column":6},"end":{"line":162,"column":7}},"43":{"start":{"line":161,"column":8},"end":{"line":161,"column":null}},"44":{"start":{"line":164,"column":20},"end":{"line":167,"column":null}},"45":{"start":{"line":170,"column":6},"end":{"line":178,"column":null}},"46":{"start":{"line":185,"column":8},"end":{"line":213,"column":null}},"47":{"start":{"line":186,"column":6},"end":{"line":188,"column":7}},"48":{"start":{"line":187,"column":8},"end":{"line":187,"column":null}},"49":{"start":{"line":190,"column":6},"end":{"line":192,"column":7}},"50":{"start":{"line":191,"column":8},"end":{"line":191,"column":null}},"51":{"start":{"line":194,"column":29},"end":{"line":194,"column":72}},"52":{"start":{"line":195,"column":19},"end":{"line":200,"column":8}},"53":{"start":{"line":202,"column":6},"end":{"line":202,"column":null}},"54":{"start":{"line":204,"column":6},"end":{"line":212,"column":null}},"55":{"start":{"line":223,"column":8},"end":{"line":260,"column":null}},"56":{"start":{"line":224,"column":6},"end":{"line":226,"column":7}},"57":{"start":{"line":225,"column":8},"end":{"line":225,"column":null}},"58":{"start":{"line":228,"column":29},"end":{"line":228,"column":72}},"59":{"start":{"line":229,"column":29},"end":{"line":229,"column":60}},"60":{"start":{"line":230,"column":19},"end":{"line":233,"column":8}},"61":{"start":{"line":234,"column":6},"end":{"line":236,"column":7}},"62":{"start":{"line":235,"column":8},"end":{"line":235,"column":null}},"63":{"start":{"line":238,"column":6},"end":{"line":243,"column":7}},"64":{"start":{"line":239,"column":8},"end":{"line":241,"column":9}},"65":{"start":{"line":240,"column":10},"end":{"line":240,"column":null}},"66":{"start":{"line":242,"column":8},"end":{"line":242,"column":null}},"67":{"start":{"line":245,"column":6},"end":{"line":247,"column":7}},"68":{"start":{"line":246,"column":8},"end":{"line":246,"column":null}},"69":{"start":{"line":249,"column":6},"end":{"line":249,"column":null}},"70":{"start":{"line":251,"column":6},"end":{"line":259,"column":null}},"71":{"start":{"line":266,"column":8},"end":{"line":282,"column":null}},"72":{"start":{"line":267,"column":6},"end":{"line":269,"column":7}},"73":{"start":{"line":268,"column":8},"end":{"line":268,"column":null}},"74":{"start":{"line":271,"column":29},"end":{"line":271,"column":72}},"75":{"start":{"line":272,"column":29},"end":{"line":272,"column":60}},"76":{"start":{"line":273,"column":19},"end":{"line":276,"column":8}},"77":{"start":{"line":277,"column":6},"end":{"line":279,"column":7}},"78":{"start":{"line":278,"column":8},"end":{"line":278,"column":null}},"79":{"start":{"line":281,"column":6},"end":{"line":281,"column":null}},"80":{"start":{"line":288,"column":8},"end":{"line":321,"column":null}},"81":{"start":{"line":289,"column":6},"end":{"line":291,"column":7}},"82":{"start":{"line":290,"column":8},"end":{"line":290,"column":null}},"83":{"start":{"line":293,"column":6},"end":{"line":297,"column":7}},"84":{"start":{"line":294,"column":8},"end":{"line":296,"column":null}},"85":{"start":{"line":299,"column":29},"end":{"line":299,"column":72}},"86":{"start":{"line":300,"column":29},"end":{"line":300,"column":60}},"87":{"start":{"line":301,"column":19},"end":{"line":304,"column":8}},"88":{"start":{"line":305,"column":6},"end":{"line":307,"column":7}},"89":{"start":{"line":306,"column":8},"end":{"line":306,"column":null}},"90":{"start":{"line":309,"column":6},"end":{"line":309,"column":null}},"91":{"start":{"line":310,"column":6},"end":{"line":310,"column":null}},"92":{"start":{"line":312,"column":6},"end":{"line":320,"column":null}}},"fnMap":{"0":{"name":"(anonymous_8)","decl":{"start":{"line":18,"column":8},"end":{"line":18,"column":15}},"loc":{"start":{"line":18,"column":67},"end":{"line":34,"column":null}}},"1":{"name":"(anonymous_9)","decl":{"start":{"line":18,"column":67},"end":{"line":18,"column":null}},"loc":{"start":{"line":18,"column":67},"end":{"line":34,"column":5}}},"2":{"name":"(anonymous_10)","decl":{"start":{"line":36,"column":11},"end":{"line":36,"column":18}},"loc":{"start":{"line":36,"column":70},"end":{"line":55,"column":null}}},"3":{"name":"(anonymous_11)","decl":{"start":{"line":36,"column":70},"end":{"line":36,"column":null}},"loc":{"start":{"line":36,"column":70},"end":{"line":55,"column":5}}},"4":{"name":"(anonymous_12)","decl":{"start":{"line":46,"column":23},"end":{"line":46,"column":24}},"loc":{"start":{"line":46,"column":34},"end":{"line":54,"column":8}}},"5":{"name":"(anonymous_13)","decl":{"start":{"line":57,"column":10},"end":{"line":57,"column":null}},"loc":{"start":{"line":61,"column":8},"end":{"line":85,"column":null}}},"6":{"name":"(anonymous_14)","decl":{"start":{"line":61,"column":8},"end":{"line":61,"column":null}},"loc":{"start":{"line":60,"column":29},"end":{"line":85,"column":5}}},"7":{"name":"(anonymous_15)","decl":{"start":{"line":89,"column":18},"end":{"line":89,"column":null}},"loc":{"start":{"line":98,"column":8},"end":{"line":136,"column":null}}},"8":{"name":"(anonymous_16)","decl":{"start":{"line":98,"column":8},"end":{"line":98,"column":null}},"loc":{"start":{"line":97,"column":29},"end":{"line":136,"column":5}}},"9":{"name":"(anonymous_17)","decl":{"start":{"line":138,"column":15},"end":{"line":138,"column":null}},"loc":{"start":{"line":145,"column":8},"end":{"line":179,"column":null}}},"10":{"name":"(anonymous_18)","decl":{"start":{"line":145,"column":8},"end":{"line":145,"column":null}},"loc":{"start":{"line":144,"column":29},"end":{"line":179,"column":5}}},"11":{"name":"(anonymous_19)","decl":{"start":{"line":181,"column":16},"end":{"line":181,"column":null}},"loc":{"start":{"line":185,"column":8},"end":{"line":213,"column":null}}},"12":{"name":"(anonymous_20)","decl":{"start":{"line":185,"column":8},"end":{"line":185,"column":null}},"loc":{"start":{"line":184,"column":29},"end":{"line":213,"column":5}}},"13":{"name":"(anonymous_21)","decl":{"start":{"line":215,"column":16},"end":{"line":215,"column":null}},"loc":{"start":{"line":223,"column":8},"end":{"line":260,"column":null}}},"14":{"name":"(anonymous_22)","decl":{"start":{"line":223,"column":8},"end":{"line":223,"column":null}},"loc":{"start":{"line":222,"column":29},"end":{"line":260,"column":5}}},"15":{"name":"(anonymous_23)","decl":{"start":{"line":262,"column":16},"end":{"line":262,"column":null}},"loc":{"start":{"line":266,"column":8},"end":{"line":282,"column":null}}},"16":{"name":"(anonymous_24)","decl":{"start":{"line":266,"column":8},"end":{"line":266,"column":null}},"loc":{"start":{"line":265,"column":29},"end":{"line":282,"column":5}}},"17":{"name":"(anonymous_25)","decl":{"start":{"line":284,"column":22},"end":{"line":284,"column":null}},"loc":{"start":{"line":288,"column":8},"end":{"line":321,"column":null}}},"18":{"name":"(anonymous_26)","decl":{"start":{"line":288,"column":8},"end":{"line":288,"column":null}},"loc":{"start":{"line":287,"column":29},"end":{"line":321,"column":5}}}},"branchMap":{"0":{"loc":{"start":{"line":19,"column":6},"end":{"line":21,"column":7}},"type":"if","locations":[{"start":{"line":19,"column":6},"end":{"line":21,"column":7}},{"start":{},"end":{}}]},"1":{"loc":{"start":{"line":24,"column":6},"end":{"line":26,"column":7}},"type":"if","locations":[{"start":{"line":24,"column":6},"end":{"line":26,"column":7}},{"start":{},"end":{}}]},"2":{"loc":{"start":{"line":37,"column":6},"end":{"line":39,"column":7}},"type":"if","locations":[{"start":{"line":37,"column":6},"end":{"line":39,"column":7}},{"start":{},"end":{}}]},"3":{"loc":{"start":{"line":62,"column":6},"end":{"line":64,"column":7}},"type":"if","locations":[{"start":{"line":62,"column":6},"end":{"line":64,"column":7}},{"start":{},"end":{}}]},"4":{"loc":{"start":{"line":72,"column":6},"end":{"line":74,"column":7}},"type":"if","locations":[{"start":{"line":72,"column":6},"end":{"line":74,"column":7}},{"start":{},"end":{}}]},"5":{"loc":{"start":{"line":103,"column":23},"end":{"line":103,"column":54}},"type":"binary-expr","locations":[{"start":{"line":103,"column":23},"end":{"line":103,"column":31}},{"start":{"line":103,"column":35},"end":{"line":103,"column":54}}]},"6":{"loc":{"start":{"line":107,"column":6},"end":{"line":109,"column":7}},"type":"if","locations":[{"start":{"line":107,"column":6},"end":{"line":109,"column":7}},{"start":{},"end":{}}]},"7":{"loc":{"start":{"line":114,"column":19},"end":{"line":114,"column":50}},"type":"binary-expr","locations":[{"start":{"line":114,"column":19},"end":{"line":114,"column":27}},{"start":{"line":114,"column":31},"end":{"line":114,"column":50}}]},"8":{"loc":{"start":{"line":154,"column":6},"end":{"line":156,"column":7}},"type":"if","locations":[{"start":{"line":154,"column":6},"end":{"line":156,"column":7}},{"start":{},"end":{}}]},"9":{"loc":{"start":{"line":160,"column":6},"end":{"line":162,"column":7}},"type":"if","locations":[{"start":{"line":160,"column":6},"end":{"line":162,"column":7}},{"start":{},"end":{}}]},"10":{"loc":{"start":{"line":186,"column":6},"end":{"line":188,"column":7}},"type":"if","locations":[{"start":{"line":186,"column":6},"end":{"line":188,"column":7}},{"start":{},"end":{}}]},"11":{"loc":{"start":{"line":190,"column":6},"end":{"line":192,"column":7}},"type":"if","locations":[{"start":{"line":190,"column":6},"end":{"line":192,"column":7}},{"start":{},"end":{}}]},"12":{"loc":{"start":{"line":190,"column":10},"end":{"line":190,"column":33}},"type":"binary-expr","locations":[{"start":{"line":190,"column":10},"end":{"line":190,"column":16}},{"start":{"line":190,"column":20},"end":{"line":190,"column":33}}]},"13":{"loc":{"start":{"line":197,"column":21},"end":{"line":197,"column":40}},"type":"cond-expr","locations":[{"start":{"line":197,"column":32},"end":{"line":197,"column":34}},{"start":{"line":197,"column":21},"end":{"line":197,"column":40}}]},"14":{"loc":{"start":{"line":197,"column":21},"end":{"line":197,"column":34}},"type":"binary-expr","locations":[{"start":{"line":197,"column":21},"end":{"line":197,"column":34}},{"start":{"line":197,"column":21},"end":{"line":197,"column":34}}]},"15":{"loc":{"start":{"line":224,"column":6},"end":{"line":226,"column":7}},"type":"if","locations":[{"start":{"line":224,"column":6},"end":{"line":226,"column":7}},{"start":{},"end":{}}]},"16":{"loc":{"start":{"line":234,"column":6},"end":{"line":236,"column":7}},"type":"if","locations":[{"start":{"line":234,"column":6},"end":{"line":236,"column":7}},{"start":{},"end":{}}]},"17":{"loc":{"start":{"line":238,"column":6},"end":{"line":243,"column":7}},"type":"if","locations":[{"start":{"line":238,"column":6},"end":{"line":243,"column":7}},{"start":{},"end":{}}]},"18":{"loc":{"start":{"line":239,"column":8},"end":{"line":241,"column":9}},"type":"if","locations":[{"start":{"line":239,"column":8},"end":{"line":241,"column":9}},{"start":{},"end":{}}]},"19":{"loc":{"start":{"line":245,"column":6},"end":{"line":247,"column":7}},"type":"if","locations":[{"start":{"line":245,"column":6},"end":{"line":247,"column":7}},{"start":{},"end":{}}]},"20":{"loc":{"start":{"line":246,"column":27},"end":{"line":246,"column":59}},"type":"binary-expr","locations":[{"start":{"line":246,"column":27},"end":{"line":246,"column":46}},{"start":{"line":246,"column":50},"end":{"line":246,"column":59}}]},"21":{"loc":{"start":{"line":246,"column":27},"end":{"line":246,"column":46}},"type":"cond-expr","locations":[{"start":{"line":246,"column":38},"end":{"line":246,"column":40}},{"start":{"line":246,"column":27},"end":{"line":246,"column":46}}]},"22":{"loc":{"start":{"line":246,"column":27},"end":{"line":246,"column":40}},"type":"binary-expr","locations":[{"start":{"line":246,"column":27},"end":{"line":246,"column":40}},{"start":{"line":246,"column":27},"end":{"line":246,"column":40}}]},"23":{"loc":{"start":{"line":267,"column":6},"end":{"line":269,"column":7}},"type":"if","locations":[{"start":{"line":267,"column":6},"end":{"line":269,"column":7}},{"start":{},"end":{}}]},"24":{"loc":{"start":{"line":277,"column":6},"end":{"line":279,"column":7}},"type":"if","locations":[{"start":{"line":277,"column":6},"end":{"line":279,"column":7}},{"start":{},"end":{}}]},"25":{"loc":{"start":{"line":289,"column":6},"end":{"line":291,"column":7}},"type":"if","locations":[{"start":{"line":289,"column":6},"end":{"line":291,"column":7}},{"start":{},"end":{}}]},"26":{"loc":{"start":{"line":293,"column":6},"end":{"line":297,"column":7}},"type":"if","locations":[{"start":{"line":293,"column":6},"end":{"line":297,"column":7}},{"start":{},"end":{}}]},"27":{"loc":{"start":{"line":305,"column":6},"end":{"line":307,"column":7}},"type":"if","locations":[{"start":{"line":305,"column":6},"end":{"line":307,"column":7}},{"start":{},"end":{}}]}},"s":{"0":1,"1":1,"2":1,"3":1,"4":1,"5":1,"6":0,"7":0,"8":0,"9":0,"10":0,"11":0,"12":0,"13":0,"14":0,"15":0,"16":0,"17":0,"18":0,"19":0,"20":0,"21":0,"22":0,"23":0,"24":0,"25":0,"26":0,"27":0,"28":0,"29":5,"30":5,"31":5,"32":2,"33":3,"34":3,"35":3,"36":3,"37":6,"38":6,"39":6,"40":1,"41":5,"42":5,"43":1,"44":4,"45":4,"46":0,"47":0,"48":0,"49":0,"50":0,"51":0,"52":0,"53":0,"54":0,"55":0,"56":0,"57":0,"58":0,"59":0,"60":0,"61":0,"62":0,"63":0,"64":0,"65":0,"66":0,"67":0,"68":0,"69":0,"70":0,"71":0,"72":0,"73":0,"74":0,"75":0,"76":0,"77":0,"78":0,"79":0,"80":0,"81":0,"82":0,"83":0,"84":0,"85":0,"86":0,"87":0,"88":0,"89":0,"90":0,"91":0,"92":0},"f":{"0":0,"1":0,"2":0,"3":0,"4":0,"5":0,"6":0,"7":5,"8":5,"9":6,"10":6,"11":0,"12":0,"13":0,"14":0,"15":0,"16":0,"17":0,"18":0},"b":{"0":[0,0],"1":[0,0],"2":[0,0],"3":[0,0],"4":[0,0],"5":[5,1],"6":[2,3],"7":[3,1],"8":[1,5],"9":[1,4],"10":[0,0],"11":[0,0],"12":[0,0],"13":[0,0],"14":[0,0],"15":[0,0],"16":[0,0],"17":[0,0],"18":[0,0],"19":[0,0],"20":[0,0],"21":[0,0],"22":[0,0],"23":[0,0],"24":[0,0],"25":[0,0],"26":[0,0],"27":[0,0]}}
,"/home/memz/Repos/Test-FullStack/Back/src/models/Task.ts": {"path":"/home/memz/Repos/Test-FullStack/Back/src/models/Task.ts","statementMap":{"0":{"start":{"line":1,"column":0},"end":{"line":1,"column":53}},"1":{"start":{"line":14,"column":19},"end":{"line":41,"column":null}},"2":{"start":{"line":45,"column":0},"end":{"line":45,"column":null}},"3":{"start":{"line":47,"column":13},"end":{"line":47,"column":null}}},"fnMap":{},"branchMap":{},"s":{"0":1,"1":1,"2":1,"3":1},"f":{},"b":{}}
,"/home/memz/Repos/Test-FullStack/Back/src/models/User.ts": {"path":"/home/memz/Repos/Test-FullStack/Back/src/models/User.ts","statementMap":{"0":{"start":{"line":1,"column":0},"end":{"line":1,"column":53}},"1":{"start":{"line":2,"column":0},"end":{"line":2,"column":34}},"2":{"start":{"line":15,"column":19},"end":{"line":52,"column":null}},"3":{"start":{"line":56,"column":0},"end":{"line":72,"column":null}},"4":{"start":{"line":57,"column":2},"end":{"line":59,"column":3}},"5":{"start":{"line":58,"column":4},"end":{"line":58,"column":null}},"6":{"start":{"line":61,"column":2},"end":{"line":71,"column":3}},"7":{"start":{"line":62,"column":17},"end":{"line":62,"column":41}},"8":{"start":{"line":63,"column":4},"end":{"line":63,"column":null}},"9":{"start":{"line":64,"column":4},"end":{"line":64,"column":null}},"10":{"start":{"line":66,"column":4},"end":{"line":68,"column":5}},"11":{"start":{"line":67,"column":6},"end":{"line":67,"column":null}},"12":{"start":{"line":70,"column":4},"end":{"line":70,"column":null}},"13":{"start":{"line":75,"column":0},"end":{"line":79,"column":null}},"14":{"start":{"line":78,"column":2},"end":{"line":78,"column":null}},"15":{"start":{"line":85,"column":13},"end":{"line":85,"column":null}}},"fnMap":{"0":{"name":"(anonymous_13)","decl":{"start":{"line":56,"column":23},"end":{"line":56,"column":39}},"loc":{"start":{"line":56,"column":43},"end":{"line":72,"column":2}}},"1":{"name":"(anonymous_15)","decl":{"start":{"line":75,"column":37},"end":{"line":75,"column":null}},"loc":{"start":{"line":76,"column":27},"end":{"line":79,"column":null}}}},"branchMap":{"0":{"loc":{"start":{"line":57,"column":2},"end":{"line":59,"column":3}},"type":"if","locations":[{"start":{"line":57,"column":2},"end":{"line":59,"column":3}},{"start":{},"end":{}}]},"1":{"loc":{"start":{"line":66,"column":4},"end":{"line":68,"column":5}},"type":"if","locations":[{"start":{"line":66,"column":4},"end":{"line":68,"column":5}},{"start":{},"end":{}}]}},"s":{"0":1,"1":1,"2":1,"3":1,"4":0,"5":0,"6":0,"7":0,"8":0,"9":0,"10":0,"11":0,"12":0,"13":1,"14":0,"15":1},"f":{"0":0,"1":0},"b":{"0":[0,0],"1":[0,0]}}
}
