TN:
SF:src/graphql/resolvers.ts
FN:18,(anonymous_8)
FN:18,(anonymous_9)
FN:36,(anonymous_10)
FN:36,(anonymous_11)
FN:46,(anonymous_12)
FN:57,(anonymous_13)
FN:61,(anonymous_14)
FN:89,(anonymous_15)
FN:98,(anonymous_16)
FN:138,(anonymous_17)
FN:145,(anonymous_18)
FN:181,(anonymous_19)
FN:185,(anonymous_20)
FN:215,(anonymous_21)
FN:223,(anonymous_22)
FN:262,(anonymous_23)
FN:266,(anonymous_24)
FN:284,(anonymous_25)
FN:288,(anonymous_26)
FNF:19
FNH:4
FNDA:0,(anonymous_8)
FNDA:0,(anonymous_9)
FNDA:0,(anonymous_10)
FNDA:0,(anonymous_11)
FNDA:0,(anonymous_12)
FNDA:0,(anonymous_13)
FNDA:0,(anonymous_14)
FNDA:5,(anonymous_15)
FNDA:5,(anonymous_16)
FNDA:6,(anonymous_17)
FNDA:6,(anonymous_18)
FNDA:0,(anonymous_19)
FNDA:0,(anonymous_20)
FNDA:0,(anonymous_21)
FNDA:0,(anonymous_22)
FNDA:0,(anonymous_23)
FNDA:0,(anonymous_24)
FNDA:0,(anonymous_25)
FNDA:0,(anonymous_26)
DA:1,1
DA:2,1
DA:3,1
DA:4,1
DA:5,1
DA:16,1
DA:18,0
DA:19,0
DA:20,0
DA:23,0
DA:24,0
DA:25,0
DA:28,0
DA:36,0
DA:37,0
DA:38,0
DA:41,0
DA:42,0
DA:46,0
DA:61,0
DA:62,0
DA:63,0
DA:66,0
DA:67,0
DA:68,0
DA:72,0
DA:73,0
DA:76,0
DA:98,5
DA:100,5
DA:107,5
DA:108,2
DA:111,3
DA:119,3
DA:121,3
DA:127,3
DA:145,6
DA:147,6
DA:154,6
DA:155,1
DA:159,5
DA:160,5
DA:161,1
DA:164,4
DA:170,4
DA:185,0
DA:186,0
DA:187,0
DA:190,0
DA:191,0
DA:194,0
DA:195,0
DA:202,0
DA:204,0
DA:223,0
DA:224,0
DA:225,0
DA:228,0
DA:229,0
DA:230,0
DA:234,0
DA:235,0
DA:238,0
DA:239,0
DA:240,0
DA:242,0
DA:245,0
DA:246,0
DA:249,0
DA:251,0
DA:266,0
DA:267,0
DA:268,0
DA:271,0
DA:272,0
DA:273,0
DA:277,0
DA:278,0
DA:281,0
DA:288,0
DA:289,0
DA:290,0
DA:293,0
DA:294,0
DA:299,0
DA:300,0
DA:301,0
DA:305,0
DA:306,0
DA:309,0
DA:310,0
DA:312,0
LF:92
LH:23
BRDA:19,0,0,0
BRDA:19,0,1,0
BRDA:24,1,0,0
BRDA:24,1,1,0
BRDA:37,2,0,0
BRDA:37,2,1,0
BRDA:62,3,0,0
BRDA:62,3,1,0
BRDA:72,4,0,0
BRDA:72,4,1,0
BRDA:103,5,0,5
BRDA:103,5,1,1
BRDA:107,6,0,2
BRDA:107,6,1,3
BRDA:114,7,0,3
BRDA:114,7,1,1
BRDA:154,8,0,1
BRDA:154,8,1,5
BRDA:160,9,0,1
BRDA:160,9,1,4
BRDA:186,10,0,0
BRDA:186,10,1,0
BRDA:190,11,0,0
BRDA:190,11,1,0
BRDA:190,12,0,0
BRDA:190,12,1,0
BRDA:197,13,0,0
BRDA:197,13,1,0
BRDA:197,14,0,0
BRDA:197,14,1,0
BRDA:224,15,0,0
BRDA:224,15,1,0
BRDA:234,16,0,0
BRDA:234,16,1,0
BRDA:238,17,0,0
BRDA:238,17,1,0
BRDA:239,18,0,0
BRDA:239,18,1,0
BRDA:245,19,0,0
BRDA:245,19,1,0
BRDA:246,20,0,0
BRDA:246,20,1,0
BRDA:246,21,0,0
BRDA:246,21,1,0
BRDA:246,22,0,0
BRDA:246,22,1,0
BRDA:267,23,0,0
BRDA:267,23,1,0
BRDA:277,24,0,0
BRDA:277,24,1,0
BRDA:289,25,0,0
BRDA:289,25,1,0
BRDA:293,26,0,0
BRDA:293,26,1,0
BRDA:305,27,0,0
BRDA:305,27,1,0
BRF:56
BRH:10
end_of_record
TN:
SF:src/models/Task.ts
FNF:0
FNH:0
DA:1,1
DA:14,1
DA:45,1
DA:47,1
LF:4
LH:4
BRF:0
BRH:0
end_of_record
TN:
SF:src/models/User.ts
FN:56,(anonymous_13)
FN:75,(anonymous_15)
FNF:2
FNH:0
FNDA:0,(anonymous_13)
FNDA:0,(anonymous_15)
DA:1,1
DA:2,1
DA:15,1
DA:56,1
DA:57,0
DA:58,0
DA:61,0
DA:62,0
DA:63,0
DA:64,0
DA:66,0
DA:67,0
DA:70,0
DA:75,1
DA:78,0
DA:85,1
LF:16
LH:6
BRDA:57,0,0,0
BRDA:57,0,1,0
BRDA:66,1,0,0
BRDA:66,1,1,0
BRF:4
BRH:0
end_of_record
